Построение начато 16.05.2015 12:39:03.
     1>Проект "E:\Универ\ТиМП\кратчайшие пути\111\111.vcxproj" в узле 2 (целевые объекты build).
     1>InitializeBuildStatus:
         Создание "Debug\111.unsuccessfulbuild", так как было задано "AlwaysCreate".
       ClCompile:
         D:\Всякая\Студия\VC\bin\CL.exe /c /AI"C:\Program Files\Reference Assemblies\Microsoft\Framework\.NETFramework\v4.0" /Zi /clr:pure /nologo /W3 /WX- /Od /Oy- /D WIN32 /D _DEBUG /D _UNICODE /D UNICODE /EHa /MDd /GS /fp:precise /Zc:wchar_t /Zc:forScope /Yc"StdAfx.h" /Fp"Debug\111.pch" /Fo"Debug\\" /Fd"Debug\vc100.pdb" /TP /FU"E:\Универ\ТиМП\кратчайшие пути\Debug\Microsoft.GLEE.dll" /FU"E:\Универ\ТиМП\кратчайшие пути\Debug\Microsoft.GLEE.Drawing.dll" /FU"E:\Универ\ТиМП\кратчайшие пути\Debug\Microsoft.Glee.GraphViewerGDI.dll" /FU"C:\Program Files\Reference Assemblies\Microsoft\Framework\.NETFramework\v4.0\System.Core.dll" /FU"C:\Program Files\Reference Assemblies\Microsoft\Framework\.NETFramework\v4.0\System.Data.dll" /FU"C:\Program Files\Reference Assemblies\Microsoft\Framework\.NETFramework\v4.0\System.dll" /FU"C:\Program Files\Reference Assemblies\Microsoft\Framework\.NETFramework\v4.0\System.Drawing.dll" /FU"C:\Program Files\Reference Assemblies\Microsoft\Framework\.NETFramework\v4.0\System.Windows.Forms.dll" /FU"C:\Program Files\Reference Assemblies\Microsoft\Framework\.NETFramework\v4.0\System.Xml.dll" /FU"E:\Универ\ТиМП\кратчайшие пути\Debug\WindowsApplication.exe" /analyze- /errorReport:prompt stdafx.cpp /clr:nostdlib 
         stdafx.cpp
         D:\Всякая\Студия\VC\bin\CL.exe /c /AI"C:\Program Files\Reference Assemblies\Microsoft\Framework\.NETFramework\v4.0" /Zi /clr:pure /nologo /W3 /WX- /Od /Oy- /D WIN32 /D _DEBUG /D _UNICODE /D UNICODE /EHa /MDd /GS /fp:precise /Zc:wchar_t /Zc:forScope /Yu"StdAfx.h" /Fp"Debug\111.pch" /Fo"Debug\\" /Fd"Debug\vc100.pdb" /TP /FU"E:\Универ\ТиМП\кратчайшие пути\Debug\Microsoft.GLEE.dll" /FU"E:\Универ\ТиМП\кратчайшие пути\Debug\Microsoft.GLEE.Drawing.dll" /FU"E:\Универ\ТиМП\кратчайшие пути\Debug\Microsoft.Glee.GraphViewerGDI.dll" /FU"C:\Program Files\Reference Assemblies\Microsoft\Framework\.NETFramework\v4.0\System.Core.dll" /FU"C:\Program Files\Reference Assemblies\Microsoft\Framework\.NETFramework\v4.0\System.Data.dll" /FU"C:\Program Files\Reference Assemblies\Microsoft\Framework\.NETFramework\v4.0\System.dll" /FU"C:\Program Files\Reference Assemblies\Microsoft\Framework\.NETFramework\v4.0\System.Drawing.dll" /FU"C:\Program Files\Reference Assemblies\Microsoft\Framework\.NETFramework\v4.0\System.Windows.Forms.dll" /FU"C:\Program Files\Reference Assemblies\Microsoft\Framework\.NETFramework\v4.0\System.Xml.dll" /FU"E:\Универ\ТиМП\кратчайшие пути\Debug\WindowsApplication.exe" /analyze- /errorReport:prompt 111.cpp AssemblyInfo.cpp /clr:nostdlib 
         111.cpp
         AssemblyInfo.cpp
         Создание кода...
         D:\Всякая\Студия\VC\bin\CL.exe /c /Zi /clr:pure /nologo /W3 /WX- /Od /Oy- /D WIN32 /D _DEBUG /D _UNICODE /D UNICODE /EHa /MDd /GS /fp:precise /Zc:wchar_t /Zc:forScope /Fo"Debug\\" /Fd"Debug\vc100.pdb" /TP /analyze- /errorReport:prompt "C:\Users\Алёна\AppData\Local\Temp\.NETFramework,Version=v4.0.AssemblyAttributes.cpp"
         .NETFramework,Version=v4.0.AssemblyAttributes.cpp
       CoreResGen:
         Отсутствуют ресурсы, устаревшие по отношению к файлам своих источников. Пропуск формирования ресурсов.
       ResourceCompile:
         C:\Program Files\Microsoft SDKs\Windows\v7.0A\bin\rc.exe /D _UNICODE /D UNICODE /l"0x0409" /nologo /fo"Debug\app.res" app.rc 
       Link:
         D:\Всякая\Студия\VC\bin\link.exe /ERRORREPORT:PROMPT /OUT:"E:\Универ\ТиМП\кратчайшие пути\Debug\111.exe" /INCREMENTAL /NOLOGO /ASSEMBLYRESOURCE:Debug\My111.Form1.resources /MANIFEST /ManifestFile:"Debug\111.exe.intermediate.manifest" /MANIFESTUAC:"level='asInvoker' uiAccess='false'" /DEBUG /PDB:"E:\Универ\ТиМП\кратчайшие пути\Debug\111.pdb" /ASSEMBLYDEBUG /SUBSYSTEM:WINDOWS /TLBID:1 /ENTRY:"main" /DYNAMICBASE /FIXED:NO /NXCOMPAT /MACHINE:X86 Debug\app.res
         Debug\111.obj
         Debug\AssemblyInfo.obj
         Debug\stdafx.obj
         "Debug\.NETFramework,Version=v4.0.AssemblyAttributes.obj"
     1>LINK : fatal error LNK1123: сбой при преобразовании в COFF: файл недопустим или поврежден
     1>Построение проекта "E:\Универ\ТиМП\кратчайшие пути\111\111.vcxproj" завершено (целевые объекты build) с ошибкой.

СБОЙ построения.

Затраченное время: 00:00:16.11
